<?xml version="1.0" encoding="UTF-8"?>
<!-- Generated by org.testng.reporters.JUnitReportReporter -->
<testsuite skipped="0" hostname="LAPTOP-36BHL9K1" name="com.org.a.Go" tests="1" failures="0" timestamp="21 Jun 2022 10:50:38 GMT" time="4.573" errors="0">
  <testcase name="printLinks" time="4.573" classname="com.org.a.Go"/>
</testsuite> <!-- com.org.a.Go -->
